0 info it worked if it ends with ok
1 verbose cli [ 'c:\\Program Files\\nodejs\\node.exe',
1 verbose cli   'c:\\Program Files\\nodejs\\node_modules\\npm\\bin\\npm-cli.js',
1 verbose cli   'start' ]
2 info using npm@1.3.24
3 info using node@v0.10.25
4 error Failed to parse json
4 error Unexpected token *
5 error File: c:\Users\Michael\desktop\code\javascript\wufill\package.json
6 error Failed to parse package.json data.
6 error package.json must be actual JSON, not just JavaScript.
6 error
6 error This is not a bug in npm.
6 error Tell the package author to fix their package.json file. JSON.parse
7 error System Windows_NT 6.1.7601
8 error command "c:\\Program Files\\nodejs\\node.exe" "c:\\Program Files\\nodejs\\node_modules\\npm\\bin\\npm-cli.js" "start"
9 error cwd c:\Users\Michael\desktop\code\javascript\wufill
10 error node -v v0.10.25
11 error npm -v 1.3.24
12 error file c:\Users\Michael\desktop\code\javascript\wufill\package.json
13 error code EJSONPARSE
14 verbose exit [ 1, true ]
